-- The C compiler identification is GNU 9.4.0
-- The CXX compiler identification is GNU 9.4.0
-- Check for working C compiler: /usr/bin/cc
-- Check for working C compiler: /usr/bin/cc -- works
-- Detecting C compiler ABI info
-- Detecting C compiler ABI info - done
-- Detecting C compile features
-- Detecting C compile features - done
-- Check for working CXX compiler: /usr/bin/c++
-- Check for working CXX compiler: /usr/bin/c++ -- works
-- Detecting CXX compiler ABI info
-- Detecting CXX compiler ABI info - done
-- Detecting CXX compile features
-- Detecting CXX compile features - done
-- Found ament_cmake: 1.3.6 (/opt/ros/humble/share/ament_cmake/cmake)
-- Found Python3: /usr/bin/python3.9 (found version "3.9.5") found components: Interpreter 
-- Found interfaces_pkg: 0.0.0 (/ssd/home/edt/Documents/lunabotics_ros_ws/install/interfaces_pkg/share/interfaces_pkg/cmake)
-- Found rosidl_generator_c: 3.1.5 (/opt/ros/humble/share/rosidl_generator_c/cmake)
-- Found rosidl_adapter: 3.1.5 (/opt/ros/humble/share/rosidl_adapter/cmake)
-- Found rosidl_generator_cpp: 3.1.5 (/opt/ros/humble/share/rosidl_generator_cpp/cmake)
-- Using all available rosidl_typesupport_c: rosidl_typesupport_fastrtps_c;rosidl_typesupport_introspection_c
-- Using all available rosidl_typesupport_cpp: rosidl_typesupport_fastrtps_cpp;rosidl_typesupport_introspection_cpp
-- Found rclcpp: 16.0.7 (/opt/ros/humble/share/rclcpp/cmake)
-- Found rmw_implementation_cmake: 6.1.1 (/opt/ros/humble/share/rmw_implementation_cmake/cmake)
-- Found rmw_fastrtps_cpp: 6.2.5 (/opt/ros/humble/share/rmw_fastrtps_cpp/cmake)
-- Found OpenSSL: /usr/lib/aarch64-linux-gnu/libcrypto.so (found version "1.1.1f")  
-- Found FastRTPS: /opt/ros/humble/include  
-- Using RMW implementation 'rmw_fastrtps_cpp' as default
-- Looking for pthread.h
-- Looking for pthread.h - found
-- Performing Test CMAKE_HAVE_LIBC_PTHREAD
-- Performing Test CMAKE_HAVE_LIBC_PTHREAD - Failed
-- Looking for pthread_create in pthreads
-- Looking for pthread_create in pthreads - not found
-- Looking for pthread_create in pthread
-- Looking for pthread_create in pthread - found
-- Found Threads: TRUE  
-- Found ament_lint_auto: 0.12.9 (/opt/ros/humble/share/ament_lint_auto/cmake)
-- Added test 'cppcheck' to perform static code analysis on C / C++ code
-- Configured cppcheck include dirs: 
-- Configured cppcheck exclude dirs and/or files: 
-- Added test 'lint_cmake' to check CMake code style
-- Added test 'uncrustify' to check C / C++ code style
-- Configured uncrustify additional arguments: 
-- Added test 'xmllint' to check XML markup files
-- Configuring done
-- Generating done
-- Build files have been written to: /ssd/home/edt/Documents/lunabotics_ros_ws/build/motor_control_pkg
[35m[1mScanning dependencies of target drivetrain[0m
[35m[1mScanning dependencies of target scoop[0m
[ 50%] [32mBuilding CXX object CMakeFiles/scoop.dir/src/scoop.cpp.o[0m
[ 50%] [32mBuilding CXX object CMakeFiles/drivetrain.dir/src/drivetrain.cpp.o[0m
[01m[K/ssd/home/edt/Documents/lunabotics_ros_ws/src/motor_control_pkg/src/scoop.cpp:[m[K In constructor â€˜[01m[KScoopNode::ScoopNode()[m[Kâ€™:
[01m[K/ssd/home/edt/Documents/lunabotics_ros_ws/src/motor_control_pkg/src/scoop.cpp:17:30:[m[K [01;31m[Kerror: [m[Kâ€˜[01m[Kenable[m[Kâ€™ has not been declared
   17 |  left_lift.SetHardLimitFwdEn([01;31m[Kenable[m[K::false);
      |                              [01;31m[K^~~~~~[m[K
[01m[K/ssd/home/edt/Documents/lunabotics_ros_ws/src/motor_control_pkg/src/scoop.cpp:17:38:[m[K [01;31m[Kerror: [m[Kexpected unqualified-id before â€˜[01m[Kfalse[m[Kâ€™
   17 |  left_lift.SetHardLimitFwdEn(enable::[01;31m[Kfalse[m[K);
      |                                      [01;31m[K^~~~~[m[K
[01m[K/ssd/home/edt/Documents/lunabotics_ros_ws/src/motor_control_pkg/src/scoop.cpp:18:30:[m[K [01;31m[Kerror: [m[Kâ€˜[01m[Kenable[m[Kâ€™ has not been declared
   18 |  left_lift.SetHardLimitFwdEn([01;31m[Kenable[m[K::false);
      |                              [01;31m[K^~~~~~[m[K
[01m[K/ssd/home/edt/Documents/lunabotics_ros_ws/src/motor_control_pkg/src/scoop.cpp:18:38:[m[K [01;31m[Kerror: [m[Kexpected unqualified-id before â€˜[01m[Kfalse[m[Kâ€™
   18 |  left_lift.SetHardLimitFwdEn(enable::[01;31m[Kfalse[m[K);
      |                                      [01;31m[K^~~~~[m[K
[01m[K/ssd/home/edt/Documents/lunabotics_ros_ws/src/motor_control_pkg/src/scoop.cpp:[m[K In member function â€˜[01m[Kvoid ScoopNode::duty_cycle_control(const DutyCycleOutput&) const[m[Kâ€™:
[01m[K/ssd/home/edt/Documents/lunabotics_ros_ws/src/motor_control_pkg/src/scoop.cpp:29:4:[m[K [01;31m[Kerror: [m[Kâ€˜[01m[Kleft_lift[m[Kâ€™ was not declared in this scope
   29 |    [01;31m[Kleft_lift[m[K.Heartbeat();
      |    [01;31m[K^~~~~~~~~[m[K
[01m[K/ssd/home/edt/Documents/lunabotics_ros_ws/src/motor_control_pkg/src/drivetrain.cpp:[m[K In constructor â€˜[01m[KDrivetrainNode::DrivetrainNode()[m[Kâ€™:
[01m[K/ssd/home/edt/Documents/lunabotics_ros_ws/src/motor_control_pkg/src/drivetrain.cpp:17:32:[m[K [01;31m[Kerror: [m[Kâ€˜[01m[Kenable[m[Kâ€™ has not been declared
   17 |   left_drive.SetHardLimitFwdEn([01;31m[Kenable[m[K::false);
      |                                [01;31m[K^~~~~~[m[K
[01m[K/ssd/home/edt/Documents/lunabotics_ros_ws/src/motor_control_pkg/src/drivetrain.cpp:17:40:[m[K [01;31m[Kerror: [m[Kexpected unqualified-id before â€˜[01m[Kfalse[m[Kâ€™
   17 |   left_drive.SetHardLimitFwdEn(enable::[01;31m[Kfalse[m[K);
      |                                        [01;31m[K^~~~~[m[K
[01m[K/ssd/home/edt/Documents/lunabotics_ros_ws/src/motor_control_pkg/src/drivetrain.cpp:18:32:[m[K [01;31m[Kerror: [m[Kâ€˜[01m[Kenable[m[Kâ€™ has not been declared
   18 |   left_drive.SetHardLimitRevEn([01;31m[Kenable[m[K::false);
      |                                [01;31m[K^~~~~~[m[K
[01m[K/ssd/home/edt/Documents/lunabotics_ros_ws/src/motor_control_pkg/src/drivetrain.cpp:18:40:[m[K [01;31m[Kerror: [m[Kexpected unqualified-id before â€˜[01m[Kfalse[m[Kâ€™
   18 |   left_drive.SetHardLimitRevEn(enable::[01;31m[Kfalse[m[K);
      |                                        [01;31m[K^~~~~[m[K
[01m[K/ssd/home/edt/Documents/lunabotics_ros_ws/src/motor_control_pkg/src/drivetrain.cpp:24:33:[m[K [01;31m[Kerror: [m[Kâ€˜[01m[Kenable[m[Kâ€™ has not been declared
   24 |   right_drive.SetHardLimitFwdEn([01;31m[Kenable[m[K::false);
      |                                 [01;31m[K^~~~~~[m[K
[01m[K/ssd/home/edt/Documents/lunabotics_ros_ws/src/motor_control_pkg/src/drivetrain.cpp:24:41:[m[K [01;31m[Kerror: [m[Kexpected unqualified-id before â€˜[01m[Kfalse[m[Kâ€™
   24 |   right_drive.SetHardLimitFwdEn(enable::[01;31m[Kfalse[m[K);
      |                                         [01;31m[K^~~~~[m[K
[01m[K/ssd/home/edt/Documents/lunabotics_ros_ws/src/motor_control_pkg/src/drivetrain.cpp:25:33:[m[K [01;31m[Kerror: [m[Kâ€˜[01m[Kenable[m[Kâ€™ has not been declared
   25 |   right_drive.SetHardLimitFwdEn([01;31m[Kenable[m[K::false);
      |                                 [01;31m[K^~~~~~[m[K
[01m[K/ssd/home/edt/Documents/lunabotics_ros_ws/src/motor_control_pkg/src/drivetrain.cpp:25:41:[m[K [01;31m[Kerror: [m[Kexpected unqualified-id before â€˜[01m[Kfalse[m[Kâ€™
   25 |   right_drive.SetHardLimitFwdEn(enable::[01;31m[Kfalse[m[K);
      |                                         [01;31m[K^~~~~[m[K
In file included from [01m[K/opt/ros/humble/include/rclcpp/rclcpp/logging.hpp:24[m[K,
                 from [01m[K/opt/ros/humble/include/rclcpp/rclcpp/client.hpp:40[m[K,
                 from [01m[K/opt/ros/humble/include/rclcpp/rclcpp/callback_group.hpp:24[m[K,
                 from [01m[K/opt/ros/humble/include/rclcpp/rclcpp/any_executable.hpp:20[m[K,
                 from [01m[K/opt/ros/humble/include/rclcpp/rclcpp/memory_strategy.hpp:25[m[K,
                 from [01m[K/opt/ros/humble/include/rclcpp/rclcpp/memory_strategies.hpp:18[m[K,
                 from [01m[K/opt/ros/humble/include/rclcpp/rclcpp/executor_options.hpp:20[m[K,
                 from [01m[K/opt/ros/humble/include/rclcpp/rclcpp/executor.hpp:37[m[K,
                 from [01m[K/opt/ros/humble/include/rclcpp/rclcpp/executors/multi_threaded_executor.hpp:25[m[K,
                 from [01m[K/opt/ros/humble/include/rclcpp/rclcpp/executors.hpp:21[m[K,
                 from [01m[K/opt/ros/humble/include/rclcpp/rclcpp/rclcpp.hpp:155[m[K,
                 from [01m[K/ssd/home/edt/Documents/lunabotics_ros_ws/src/motor_control_pkg/src/drivetrain.cpp:1[m[K:
[01m[K/ssd/home/edt/Documents/lunabotics_ros_ws/src/motor_control_pkg/src/drivetrain.cpp:[m[K In member function â€˜[01m[Kvoid DrivetrainNode::duty_cycle_control(const DutyCycleOutput&) const[m[Kâ€™:
[01m[K/ssd/home/edt/Documents/lunabotics_ros_ws/src/motor_control_pkg/src/drivetrain.cpp:49:99:[m[K [01;31m[Kerror: [m[Kâ€˜[01m[Kleft_drive_output[m[Kâ€™ was not declared in this scope
   49 |    RCLCPP_INFO(this->get_logger(), "Duty cylce: Left motor set to : %d, Right motor set to : %d", [01;31m[Kleft_drive_output[m[K, right_drive_output);
      |                                                                                                   [01;31m[K^~~~~~~~~~~~~~~~~[m[K
[01m[K/ssd/home/edt/Documents/lunabotics_ros_ws/src/motor_control_pkg/src/drivetrain.cpp:49:118:[m[K [01;31m[Kerror: [m[Kâ€˜[01m[Kright_drive_output[m[Kâ€™ was not declared in this scope
   49 |    RCLCPP_INFO(this->get_logger(), "Duty cylce: Left motor set to : %d, Right motor set to : %d", left_drive_output, [01;31m[Kright_drive_output[m[K);
      |                                                                                                                      [01;31m[K^~~~~~~~~~~~~~~~~~[m[K
make[2]: *** [CMakeFiles/scoop.dir/build.make:63: CMakeFiles/scoop.dir/src/scoop.cpp.o] Error 1
make[1]: *** [CMakeFiles/Makefile2:80: CMakeFiles/scoop.dir/all] Error 2
make[1]: *** Waiting for unfinished jobs....
make[2]: *** [CMakeFiles/drivetrain.dir/build.make:63: CMakeFiles/drivetrain.dir/src/drivetrain.cpp.o] Error 1
make[1]: *** [CMakeFiles/Makefile2:107: CMakeFiles/drivetrain.dir/all] Error 2
make: *** [Makefile:141: all] Error 2
