[0.032s] Invoking command in '/ssd/home/edt/Documents/lunabotics_ros_ws/build/motor_control_pkg': CMAKE_PREFIX_PATH=${CMAKE_PREFIX_PATH}:/opt/ros/humble /usr/bin/cmake /ssd/home/edt/Documents/lunabotics_ros_ws/src/motor_control_pkg -DCMAKE_INSTALL_PREFIX=/ssd/home/edt/Documents/lunabotics_ros_ws/install/motor_control_pkg
[0.253s] -- The C compiler identification is GNU 9.4.0
[0.439s] -- The CXX compiler identification is GNU 9.4.0
[0.448s] -- Check for working C compiler: /usr/bin/cc
[0.675s] -- Check for working C compiler: /usr/bin/cc -- works
[0.678s] -- Detecting C compiler ABI info
[0.907s] -- Detecting C compiler ABI info - done
[0.942s] -- Detecting C compile features
[0.942s] -- Detecting C compile features - done
[0.948s] -- Check for working CXX compiler: /usr/bin/c++
[1.193s] -- Check for working CXX compiler: /usr/bin/c++ -- works
[1.197s] -- Detecting CXX compiler ABI info
[1.453s] -- Detecting CXX compiler ABI info - done
[1.483s] -- Detecting CXX compile features
[1.484s] -- Detecting CXX compile features - done
[1.488s] -- Found ament_cmake: 1.3.6 (/opt/ros/humble/share/ament_cmake/cmake)
[1.775s] -- Found Python3: /usr/bin/python3.9 (found version "3.9.5") found components: Interpreter 
[1.972s] -- Found interfaces_pkg: 0.0.0 (/ssd/home/edt/Documents/lunabotics_ros_ws/install/interfaces_pkg/share/interfaces_pkg/cmake)
[2.042s] -- Found rosidl_generator_c: 3.1.5 (/opt/ros/humble/share/rosidl_generator_c/cmake)
[2.051s] -- Found rosidl_adapter: 3.1.5 (/opt/ros/humble/share/rosidl_adapter/cmake)
[2.068s] -- Found rosidl_generator_cpp: 3.1.5 (/opt/ros/humble/share/rosidl_generator_cpp/cmake)
[2.099s] -- Using all available rosidl_typesupport_c: rosidl_typesupport_fastrtps_c;rosidl_typesupport_introspection_c
[2.142s] -- Using all available rosidl_typesupport_cpp: rosidl_typesupport_fastrtps_cpp;rosidl_typesupport_introspection_cpp
[2.312s] -- Found rclcpp: 16.0.7 (/opt/ros/humble/share/rclcpp/cmake)
[2.823s] -- Found rmw_implementation_cmake: 6.1.1 (/opt/ros/humble/share/rmw_implementation_cmake/cmake)
[2.831s] -- Found rmw_fastrtps_cpp: 6.2.5 (/opt/ros/humble/share/rmw_fastrtps_cpp/cmake)
[3.648s] -- Found OpenSSL: /usr/lib/aarch64-linux-gnu/libcrypto.so (found version "1.1.1f")  
[3.846s] -- Found FastRTPS: /opt/ros/humble/include  
[4.085s] -- Using RMW implementation 'rmw_fastrtps_cpp' as default
[4.255s] -- Looking for pthread.h
[4.754s] -- Looking for pthread.h - found
[4.754s] -- Performing Test CMAKE_HAVE_LIBC_PTHREAD
[5.129s] -- Performing Test CMAKE_HAVE_LIBC_PTHREAD - Failed
[5.130s] -- Looking for pthread_create in pthreads
[5.635s] -- Looking for pthread_create in pthreads - not found
[5.635s] -- Looking for pthread_create in pthread
[5.863s] -- Looking for pthread_create in pthread - found
[5.867s] -- Found Threads: TRUE  
[7.254s] -- Found ament_lint_auto: 0.12.9 (/opt/ros/humble/share/ament_lint_auto/cmake)
[7.514s] -- Added test 'cppcheck' to perform static code analysis on C / C++ code
[7.514s] -- Configured cppcheck include dirs: 
[7.515s] -- Configured cppcheck exclude dirs and/or files: 
[7.515s] -- Added test 'lint_cmake' to check CMake code style
[7.517s] -- Added test 'uncrustify' to check C / C++ code style
[7.517s] -- Configured uncrustify additional arguments: 
[7.518s] -- Added test 'xmllint' to check XML markup files
[7.527s] -- Configuring done
[7.552s] -- Generating done
[7.568s] -- Build files have been written to: /ssd/home/edt/Documents/lunabotics_ros_ws/build/motor_control_pkg
[7.599s] Invoked command in '/ssd/home/edt/Documents/lunabotics_ros_ws/build/motor_control_pkg' returned '0': CMAKE_PREFIX_PATH=${CMAKE_PREFIX_PATH}:/opt/ros/humble /usr/bin/cmake /ssd/home/edt/Documents/lunabotics_ros_ws/src/motor_control_pkg -DCMAKE_INSTALL_PREFIX=/ssd/home/edt/Documents/lunabotics_ros_ws/install/motor_control_pkg
[7.609s] Invoking command in '/ssd/home/edt/Documents/lunabotics_ros_ws/build/motor_control_pkg': CMAKE_PREFIX_PATH=${CMAKE_PREFIX_PATH}:/opt/ros/humble /usr/bin/cmake --build /ssd/home/edt/Documents/lunabotics_ros_ws/build/motor_control_pkg -- -j6 -l6
[7.706s] [35m[1mScanning dependencies of target drivetrain[0m
[7.706s] [35m[1mScanning dependencies of target scoop[0m
[7.997s] [ 50%] [32mBuilding CXX object CMakeFiles/scoop.dir/src/scoop.cpp.o[0m
[7.998s] [ 50%] [32mBuilding CXX object CMakeFiles/drivetrain.dir/src/drivetrain.cpp.o[0m
[16.027s] [01m[K/ssd/home/edt/Documents/lunabotics_ros_ws/src/motor_control_pkg/src/scoop.cpp:[m[K In constructor â€˜[01m[KScoopNode::ScoopNode()[m[Kâ€™:
[16.027s] [01m[K/ssd/home/edt/Documents/lunabotics_ros_ws/src/motor_control_pkg/src/scoop.cpp:17:30:[m[K [01;31m[Kerror: [m[Kâ€˜[01m[Kenable[m[Kâ€™ has not been declared
[16.027s]    17 |  left_lift.SetHardLimitFwdEn([01;31m[Kenable[m[K::false);
[16.027s]       |                              [01;31m[K^~~~~~[m[K
[16.028s] [01m[K/ssd/home/edt/Documents/lunabotics_ros_ws/src/motor_control_pkg/src/scoop.cpp:17:38:[m[K [01;31m[Kerror: [m[Kexpected unqualified-id before â€˜[01m[Kfalse[m[Kâ€™
[16.028s]    17 |  left_lift.SetHardLimitFwdEn(enable::[01;31m[Kfalse[m[K);
[16.028s]       |                                      [01;31m[K^~~~~[m[K
[16.028s] [01m[K/ssd/home/edt/Documents/lunabotics_ros_ws/src/motor_control_pkg/src/scoop.cpp:18:30:[m[K [01;31m[Kerror: [m[Kâ€˜[01m[Kenable[m[Kâ€™ has not been declared
[16.028s]    18 |  left_lift.SetHardLimitFwdEn([01;31m[Kenable[m[K::false);
[16.028s]       |                              [01;31m[K^~~~~~[m[K
[16.028s] [01m[K/ssd/home/edt/Documents/lunabotics_ros_ws/src/motor_control_pkg/src/scoop.cpp:18:38:[m[K [01;31m[Kerror: [m[Kexpected unqualified-id before â€˜[01m[Kfalse[m[Kâ€™
[16.028s]    18 |  left_lift.SetHardLimitFwdEn(enable::[01;31m[Kfalse[m[K);
[16.029s]       |                                      [01;31m[K^~~~~[m[K
[16.039s] [01m[K/ssd/home/edt/Documents/lunabotics_ros_ws/src/motor_control_pkg/src/scoop.cpp:[m[K In member function â€˜[01m[Kvoid ScoopNode::duty_cycle_control(const DutyCycleOutput&) const[m[Kâ€™:
[16.039s] [01m[K/ssd/home/edt/Documents/lunabotics_ros_ws/src/motor_control_pkg/src/scoop.cpp:29:4:[m[K [01;31m[Kerror: [m[Kâ€˜[01m[Kleft_lift[m[Kâ€™ was not declared in this scope
[16.039s]    29 |    [01;31m[Kleft_lift[m[K.Heartbeat();
[16.039s]       |    [01;31m[K^~~~~~~~~[m[K
[16.099s] [01m[K/ssd/home/edt/Documents/lunabotics_ros_ws/src/motor_control_pkg/src/drivetrain.cpp:[m[K In constructor â€˜[01m[KDrivetrainNode::DrivetrainNode()[m[Kâ€™:
[16.100s] [01m[K/ssd/home/edt/Documents/lunabotics_ros_ws/src/motor_control_pkg/src/drivetrain.cpp:17:32:[m[K [01;31m[Kerror: [m[Kâ€˜[01m[Kenable[m[Kâ€™ has not been declared
[16.100s]    17 |   left_drive.SetHardLimitFwdEn([01;31m[Kenable[m[K::false);
[16.100s]       |                                [01;31m[K^~~~~~[m[K
[16.100s] [01m[K/ssd/home/edt/Documents/lunabotics_ros_ws/src/motor_control_pkg/src/drivetrain.cpp:17:40:[m[K [01;31m[Kerror: [m[Kexpected unqualified-id before â€˜[01m[Kfalse[m[Kâ€™
[16.100s]    17 |   left_drive.SetHardLimitFwdEn(enable::[01;31m[Kfalse[m[K);
[16.100s]       |                                        [01;31m[K^~~~~[m[K
[16.100s] [01m[K/ssd/home/edt/Documents/lunabotics_ros_ws/src/motor_control_pkg/src/drivetrain.cpp:18:32:[m[K [01;31m[Kerror: [m[Kâ€˜[01m[Kenable[m[Kâ€™ has not been declared
[16.100s]    18 |   left_drive.SetHardLimitRevEn([01;31m[Kenable[m[K::false);
[16.100s]       |                                [01;31m[K^~~~~~[m[K
[16.101s] [01m[K/ssd/home/edt/Documents/lunabotics_ros_ws/src/motor_control_pkg/src/drivetrain.cpp:18:40:[m[K [01;31m[Kerror: [m[Kexpected unqualified-id before â€˜[01m[Kfalse[m[Kâ€™
[16.101s]    18 |   left_drive.SetHardLimitRevEn(enable::[01;31m[Kfalse[m[K);
[16.101s]       |                                        [01;31m[K^~~~~[m[K
[16.101s] [01m[K/ssd/home/edt/Documents/lunabotics_ros_ws/src/motor_control_pkg/src/drivetrain.cpp:24:33:[m[K [01;31m[Kerror: [m[Kâ€˜[01m[Kenable[m[Kâ€™ has not been declared
[16.101s]    24 |   right_drive.SetHardLimitFwdEn([01;31m[Kenable[m[K::false);
[16.101s]       |                                 [01;31m[K^~~~~~[m[K
[16.101s] [01m[K/ssd/home/edt/Documents/lunabotics_ros_ws/src/motor_control_pkg/src/drivetrain.cpp:24:41:[m[K [01;31m[Kerror: [m[Kexpected unqualified-id before â€˜[01m[Kfalse[m[Kâ€™
[16.101s]    24 |   right_drive.SetHardLimitFwdEn(enable::[01;31m[Kfalse[m[K);
[16.102s]       |                                         [01;31m[K^~~~~[m[K
[16.102s] [01m[K/ssd/home/edt/Documents/lunabotics_ros_ws/src/motor_control_pkg/src/drivetrain.cpp:25:33:[m[K [01;31m[Kerror: [m[Kâ€˜[01m[Kenable[m[Kâ€™ has not been declared
[16.102s]    25 |   right_drive.SetHardLimitFwdEn([01;31m[Kenable[m[K::false);
[16.102s]       |                                 [01;31m[K^~~~~~[m[K
[16.102s] [01m[K/ssd/home/edt/Documents/lunabotics_ros_ws/src/motor_control_pkg/src/drivetrain.cpp:25:41:[m[K [01;31m[Kerror: [m[Kexpected unqualified-id before â€˜[01m[Kfalse[m[Kâ€™
[16.102s]    25 |   right_drive.SetHardLimitFwdEn(enable::[01;31m[Kfalse[m[K);
[16.102s]       |                                         [01;31m[K^~~~~[m[K
[16.116s] In file included from [01m[K/opt/ros/humble/include/rclcpp/rclcpp/logging.hpp:24[m[K,
[16.117s]                  from [01m[K/opt/ros/humble/include/rclcpp/rclcpp/client.hpp:40[m[K,
[16.117s]                  from [01m[K/opt/ros/humble/include/rclcpp/rclcpp/callback_group.hpp:24[m[K,
[16.117s]                  from [01m[K/opt/ros/humble/include/rclcpp/rclcpp/any_executable.hpp:20[m[K,
[16.117s]                  from [01m[K/opt/ros/humble/include/rclcpp/rclcpp/memory_strategy.hpp:25[m[K,
[16.117s]                  from [01m[K/opt/ros/humble/include/rclcpp/rclcpp/memory_strategies.hpp:18[m[K,
[16.117s]                  from [01m[K/opt/ros/humble/include/rclcpp/rclcpp/executor_options.hpp:20[m[K,
[16.117s]                  from [01m[K/opt/ros/humble/include/rclcpp/rclcpp/executor.hpp:37[m[K,
[16.117s]                  from [01m[K/opt/ros/humble/include/rclcpp/rclcpp/executors/multi_threaded_executor.hpp:25[m[K,
[16.118s]                  from [01m[K/opt/ros/humble/include/rclcpp/rclcpp/executors.hpp:21[m[K,
[16.118s]                  from [01m[K/opt/ros/humble/include/rclcpp/rclcpp/rclcpp.hpp:155[m[K,
[16.118s]                  from [01m[K/ssd/home/edt/Documents/lunabotics_ros_ws/src/motor_control_pkg/src/drivetrain.cpp:1[m[K:
[16.118s] [01m[K/ssd/home/edt/Documents/lunabotics_ros_ws/src/motor_control_pkg/src/drivetrain.cpp:[m[K In member function â€˜[01m[Kvoid DrivetrainNode::duty_cycle_control(const DutyCycleOutput&) const[m[Kâ€™:
[16.118s] [01m[K/ssd/home/edt/Documents/lunabotics_ros_ws/src/motor_control_pkg/src/drivetrain.cpp:49:99:[m[K [01;31m[Kerror: [m[Kâ€˜[01m[Kleft_drive_output[m[Kâ€™ was not declared in this scope
[16.118s]    49 |    RCLCPP_INFO(this->get_logger(), "Duty cylce: Left motor set to : %d, Right motor set to : %d", [01;31m[Kleft_drive_output[m[K, right_drive_output);
[16.118s]       |                                                                                                   [01;31m[K^~~~~~~~~~~~~~~~~[m[K
[16.129s] [01m[K/ssd/home/edt/Documents/lunabotics_ros_ws/src/motor_control_pkg/src/drivetrain.cpp:49:118:[m[K [01;31m[Kerror: [m[Kâ€˜[01m[Kright_drive_output[m[Kâ€™ was not declared in this scope
[16.130s]    49 |    RCLCPP_INFO(this->get_logger(), "Duty cylce: Left motor set to : %d, Right motor set to : %d", left_drive_output, [01;31m[Kright_drive_output[m[K);
[16.130s]       |                                                                                                                      [01;31m[K^~~~~~~~~~~~~~~~~~[m[K
[23.819s] make[2]: *** [CMakeFiles/scoop.dir/build.make:63: CMakeFiles/scoop.dir/src/scoop.cpp.o] Error 1
[23.820s] make[1]: *** [CMakeFiles/Makefile2:80: CMakeFiles/scoop.dir/all] Error 2
[23.820s] make[1]: *** Waiting for unfinished jobs....
[24.050s] make[2]: *** [CMakeFiles/drivetrain.dir/build.make:63: CMakeFiles/drivetrain.dir/src/drivetrain.cpp.o] Error 1
[24.050s] make[1]: *** [CMakeFiles/Makefile2:107: CMakeFiles/drivetrain.dir/all] Error 2
[24.051s] make: *** [Makefile:141: all] Error 2
[24.058s] Invoked command in '/ssd/home/edt/Documents/lunabotics_ros_ws/build/motor_control_pkg' returned '2': CMAKE_PREFIX_PATH=${CMAKE_PREFIX_PATH}:/opt/ros/humble /usr/bin/cmake --build /ssd/home/edt/Documents/lunabotics_ros_ws/build/motor_control_pkg -- -j6 -l6
